2017-06-16 21:53:31.380  INFO 6283 --- [main] com.computer.boot.Application            : Starting Application on RoperdeMacBook-Pro.local with PID 6283 (started by roper in /Users/roper/收纳盒/WorkSpace/computer-project)
2017-06-16 21:53:31.391  INFO 6283 --- [main] com.computer.boot.Application            : No active profile set, falling back to default profiles: default
2017-06-16 21:53:31.582  INFO 6283 --- [main] ationConfigEmbeddedWebApplicationContext : Refreshing org.springframework.boot.context.embedded.AnnotationConfigEmbeddedWebApplicationContext@448ff1a8: startup date [Fri Jun 16 21:53:31 CST 2017]; root of context hierarchy
2017-06-16 21:53:32.665  INFO 6283 --- [main] trationDelegate$BeanPostProcessorChecker : Bean 'application' of type [class com.computer.boot.Application$$EnhancerBySpringCGLIB$$30be7585] is not eligible for getting processed by all BeanPostProcessors (for example: not eligible for auto-proxying)
2017-06-16 21:53:32.963  INFO 6283 --- [main] trationDelegate$BeanPostProcessorChecker : Bean 'dataSource' of type [class org.apache.tomcat.jdbc.pool.DataSource] is not eligible for getting processed by all BeanPostProcessors (for example: not eligible for auto-proxying)
2017-06-16 21:53:33.156  INFO 6283 --- [main] trationDelegate$BeanPostProcessorChecker : Bean 'sqlSessionFactoryBean' of type [class org.apache.ibatis.session.defaults.DefaultSqlSessionFactory] is not eligible for getting processed by all BeanPostProcessors (for example: not eligible for auto-proxying)
2017-06-16 21:53:33.159  INFO 6283 --- [main] trationDelegate$BeanPostProcessorChecker : Bean 'userMapper' of type [class org.mybatis.spring.mapper.MapperFactoryBean] is not eligible for getting processed by all BeanPostProcessors (for example: not eligible for auto-proxying)
2017-06-16 21:53:33.160  INFO 6283 --- [main] trationDelegate$BeanPostProcessorChecker : Bean 'subjectMapper' of type [class org.mybatis.spring.mapper.MapperFactoryBean] is not eligible for getting processed by all BeanPostProcessors (for example: not eligible for auto-proxying)
2017-06-16 21:53:33.161  INFO 6283 --- [main] trationDelegate$BeanPostProcessorChecker : Bean 'storeQuestionMapper' of type [class org.mybatis.spring.mapper.MapperFactoryBean] is not eligible for getting processed by all BeanPostProcessors (for example: not eligible for auto-proxying)
2017-06-16 21:53:33.162  INFO 6283 --- [main] trationDelegate$BeanPostProcessorChecker : Bean 'questionMapper' of type [class org.mybatis.spring.mapper.MapperFactoryBean] is not eligible for getting processed by all BeanPostProcessors (for example: not eligible for auto-proxying)
2017-06-16 21:53:33.163  INFO 6283 --- [main] trationDelegate$BeanPostProcessorChecker : Bean 'publishMessageMapper' of type [class org.mybatis.spring.mapper.MapperFactoryBean] is not eligible for getting processed by all BeanPostProcessors (for example: not eligible for auto-proxying)
2017-06-16 21:53:33.164  INFO 6283 --- [main] trationDelegate$BeanPostProcessorChecker : Bean 'keyMapper' of type [class org.mybatis.spring.mapper.MapperFactoryBean] is not eligible for getting processed by all BeanPostProcessors (for example: not eligible for auto-proxying)
2017-06-16 21:53:33.165  INFO 6283 --- [main] trationDelegate$BeanPostProcessorChecker : Bean 'healthCheckMapper' of type [class org.mybatis.spring.mapper.MapperFactoryBean] is not eligible for getting processed by all BeanPostProcessors (for example: not eligible for auto-proxying)
2017-06-16 21:53:33.166  INFO 6283 --- [main] trationDelegate$BeanPostProcessorChecker : Bean 'examDateMapper' of type [class org.mybatis.spring.mapper.MapperFactoryBean] is not eligible for getting processed by all BeanPostProcessors (for example: not eligible for auto-proxying)
2017-06-16 21:53:33.168  INFO 6283 --- [main] trationDelegate$BeanPostProcessorChecker : Bean 'directoryMapper' of type [class org.mybatis.spring.mapper.MapperFactoryBean] is not eligible for getting processed by all BeanPostProcessors (for example: not eligible for auto-proxying)
2017-06-16 21:53:33.169  INFO 6283 --- [main] trationDelegate$BeanPostProcessorChecker : Bean 'chapterMapper' of type [class org.mybatis.spring.mapper.MapperFactoryBean] is not eligible for getting processed by all BeanPostProcessors (for example: not eligible for auto-proxying)
2017-06-16 21:53:33.184  INFO 6283 --- [main] trationDelegate$BeanPostProcessorChecker : Bean 'org.springframework.boot.autoconfigure.validation.ValidationAutoConfiguration' of type [class org.springframework.boot.autoconfigure.validation.ValidationAutoConfiguration] is not eligible for getting processed by all BeanPostProcessors (for example: not eligible for auto-proxying)
2017-06-16 21:53:33.194  INFO 6283 --- [main] trationDelegate$BeanPostProcessorChecker : Bean 'validator' of type [class org.springframework.validation.beanvalidation.LocalValidatorFactoryBean] is not eligible for getting processed by all BeanPostProcessors (for example: not eligible for auto-proxying)
2017-06-16 21:53:33.218  INFO 6283 --- [main] trationDelegate$BeanPostProcessorChecker : Bean 'org.springframework.transaction.annotation.ProxyTransactionManagementConfiguration' of type [class org.springframework.transaction.annotation.ProxyTransactionManagementConfiguration$$EnhancerBySpringCGLIB$$4157a466] is not eligible for getting processed by all BeanPostProcessors (for example: not eligible for auto-proxying)
2017-06-16 21:53:33.474  INFO 6283 --- [main] s.b.c.e.t.TomcatEmbeddedServletContainer : Tomcat initialized with port(s): 9090 (http)
2017-06-16 21:53:33.490  INFO 6283 --- [main] o.apache.catalina.core.StandardService   : Starting service Tomcat
2017-06-16 21:53:33.491  INFO 6283 --- [main] org.apache.catalina.core.StandardEngine  : Starting Servlet Engine: Apache Tomcat/8.5.11
2017-06-16 21:53:33.560  INFO 6283 --- [localhost-startStop-1] o.a.c.c.C.[Tomcat].[localhost].[/]       : Initializing Spring embedded WebApplicationContext
2017-06-16 21:53:33.560  INFO 6283 --- [localhost-startStop-1] o.s.web.context.ContextLoader            : Root WebApplicationContext: initialization completed in 1984 ms
2017-06-16 21:53:33.659  INFO 6283 --- [localhost-startStop-1] o.s.b.w.servlet.ServletRegistrationBean  : Mapping servlet: 'dispatcherServlet' to [/]
2017-06-16 21:53:33.664  INFO 6283 --- [localhost-startStop-1] o.s.b.w.servlet.FilterRegistrationBean   : Mapping filter: 'characterEncodingFilter' to: [/*]
2017-06-16 21:53:33.664  INFO 6283 --- [localhost-startStop-1] o.s.b.w.servlet.FilterRegistrationBean   : Mapping filter: 'hiddenHttpMethodFilter' to: [/*]
2017-06-16 21:53:33.664  INFO 6283 --- [localhost-startStop-1] o.s.b.w.servlet.FilterRegistrationBean   : Mapping filter: 'httpPutFormContentFilter' to: [/*]
2017-06-16 21:53:33.664  INFO 6283 --- [localhost-startStop-1] o.s.b.w.servlet.FilterRegistrationBean   : Mapping filter: 'requestContextFilter' to: [/*]
2017-06-16 21:53:34.018  INFO 6283 --- [main] s.w.s.m.m.a.RequestMappingHandlerAdapter : Looking for @ControllerAdvice: org.springframework.boot.context.embedded.AnnotationConfigEmbeddedWebApplicationContext@448ff1a8: startup date [Fri Jun 16 21:53:31 CST 2017]; root of context hierarchy
2017-06-16 21:53:34.076  INFO 6283 --- [main] s.w.s.m.m.a.RequestMappingHandlerMapping : Mapped "{[/getUserNameById]}" onto public java.lang.String com.computer.boot.controller.HealthCheckController.getUserNameById(int,org.apache.catalina.servlet4preview.http.HttpServletRequest)
2017-06-16 21:53:34.077  INFO 6283 --- [main] s.w.s.m.m.a.RequestMappingHandlerMapping : Mapped "{[/getUserById]}" onto public com.computer.boot.model.HealthCheck com.computer.boot.controller.HealthCheckController.getUserById(int,org.apache.catalina.servlet4preview.http.HttpServletRequest)
2017-06-16 21:53:34.077  INFO 6283 --- [main] s.w.s.m.m.a.RequestMappingHandlerMapping : Mapped "{[/getOfficialMsg]}" onto public java.util.List<com.computer.boot.model.PublishMessage> com.computer.boot.controller.PublishMessageController.getPublishMessage(org.apache.catalina.servlet4preview.http.HttpServletRequest)
2017-06-16 21:53:34.081  INFO 6283 --- [main] s.w.s.m.m.a.RequestMappingHandlerMapping : Mapped "{[/getOfficialBook]}" onto public com.computer.boot.vo.SubjectChapterTreeVo com.computer.boot.controller.SubjectRelativeController.getChapterBySubjectId(java.lang.Long,org.apache.catalina.servlet4preview.http.HttpServletRequest)
2017-06-16 21:53:34.082  INFO 6283 --- [main] s.w.s.m.m.a.RequestMappingHandlerMapping : Mapped "{[/subject/getIssueDirBySubjectIdAndKind]}" onto public java.util.List<com.computer.boot.model.Directory> com.computer.boot.controller.SubjectRelativeController.getIssueDirBySubjectIdAndKind(java.lang.Long,int,org.apache.catalina.servlet4preview.http.HttpServletRequest)
2017-06-16 21:53:34.082  INFO 6283 --- [main] s.w.s.m.m.a.RequestMappingHandlerMapping : Mapped "{[/subject/getQuestionGroup/By/SubIdAndDirId]}" onto public com.computer.boot.vo.QuestionGroupVo com.computer.boot.controller.SubjectRelativeController.getQuestionGroupBySubIdAndDirId(java.lang.Long,java.lang.Long,org.apache.catalina.servlet4preview.http.HttpServletRequest)
2017-06-16 21:53:34.083  INFO 6283 --- [main] s.w.s.m.m.a.RequestMappingHandlerMapping : Mapped "{[/subject/queryQuestionListByKeyWord]}" onto public com.computer.boot.vo.QuestionGroupVo com.computer.boot.controller.SubjectRelativeController.queryQuestionListByKeyWord(int,int,java.lang.String,int,org.apache.catalina.servlet4preview.http.HttpServletRequest)
2017-06-16 21:53:34.083  INFO 6283 --- [main] s.w.s.m.m.a.RequestMappingHandlerMapping : Mapped "{[/subject/getRecommendSearchKeyWord]}" onto public java.util.List<java.lang.String> com.computer.boot.controller.SubjectRelativeController.getRecommendSearchKeyWord(int,org.apache.catalina.servlet4preview.http.HttpServletRequest)
2017-06-16 21:53:34.083  INFO 6283 --- [main] s.w.s.m.m.a.RequestMappingHandlerMapping : Mapped "{[/subject/insertNewKey]}" onto public boolean com.computer.boot.controller.SubjectRelativeController.insertNewKey(java.lang.String,org.apache.catalina.servlet4preview.http.HttpServletRequest)
2017-06-16 21:53:34.084  INFO 6283 --- [main] s.w.s.m.m.a.RequestMappingHandlerMapping : Mapped "{[/subject/deleteKey]}" onto public boolean com.computer.boot.controller.SubjectRelativeController.deleteKey(java.lang.String,org.apache.catalina.servlet4preview.http.HttpServletRequest)
2017-06-16 21:53:34.084  INFO 6283 --- [main] s.w.s.m.m.a.RequestMappingHandlerMapping : Mapped "{[/subject/addKeyCount]}" onto public boolean com.computer.boot.controller.SubjectRelativeController.addKeyCount(java.lang.String,int,org.apache.catalina.servlet4preview.http.HttpServletRequest)
2017-06-16 21:53:34.084  INFO 6283 --- [main] s.w.s.m.m.a.RequestMappingHandlerMapping : Mapped "{[/subject/getStoreQuestionList]}" onto public com.computer.boot.vo.QuestionGroupVo com.computer.boot.controller.SubjectRelativeController.getStoreQuestionList(java.lang.Long,int,java.lang.String,org.apache.catalina.servlet4preview.http.HttpServletRequest)
2017-06-16 21:53:34.085  INFO 6283 --- [main] s.w.s.m.m.a.RequestMappingHandlerMapping : Mapped "{[/subject/addStoreQuestion]}" onto public boolean com.computer.boot.controller.SubjectRelativeController.addStoreQuestion(java.lang.Long,int,java.lang.Long,com.computer.boot.model.StoreType,org.apache.catalina.servlet4preview.http.HttpServletRequest)
2017-06-16 21:53:34.086  INFO 6283 --- [main] s.w.s.m.m.a.RequestMappingHandlerMapping : Mapped "{[/subject/deleteStoreQuestion]}" onto public boolean com.computer.boot.controller.SubjectRelativeController.deleteStoreQuestion(java.lang.Long,int,java.lang.Long,java.lang.String,org.apache.catalina.servlet4preview.http.HttpServletRequest)
2017-06-16 21:53:34.090  INFO 6283 --- [main] s.w.s.m.m.a.RequestMappingHandlerMapping : Mapped "{[/getUserInfo]}" onto public com.computer.boot.model.User com.computer.boot.controller.UtilController.getUserInfo(java.lang.Long,org.apache.catalina.servlet4preview.http.HttpServletRequest,javax.servlet.http.HttpServletResponse)
2017-06-16 21:53:34.090  INFO 6283 --- [main] s.w.s.m.m.a.RequestMappingHandlerMapping : Mapped "{[/getBanner]}" onto public java.util.List<java.lang.String> com.computer.boot.controller.UtilController.getBanner(org.apache.catalina.servlet4preview.http.HttpServletRequest,javax.servlet.http.HttpServletResponse)
2017-06-16 21:53:34.090  INFO 6283 --- [main] s.w.s.m.m.a.RequestMappingHandlerMapping : Mapped "{[/image/showPic]}" onto public void com.computer.boot.controller.UtilController.showPic(java.lang.String,org.apache.catalina.servlet4preview.http.HttpServletRequest,javax.servlet.http.HttpServletResponse)
2017-06-16 21:53:34.091  INFO 6283 --- [main] s.w.s.m.m.a.RequestMappingHandlerMapping : Mapped "{[/date/getExamDate]}" onto public com.computer.boot.vo.LastDateVo com.computer.boot.controller.UtilController.getExamDate(org.apache.catalina.servlet4preview.http.HttpServletRequest,javax.servlet.http.HttpServletResponse)
2017-06-16 21:53:34.091  INFO 6283 --- [main] s.w.s.m.m.a.RequestMappingHandlerMapping : Mapped "{[/rank/getRankList]}" onto public com.computer.boot.vo.RankListVo com.computer.boot.controller.UtilController.getRankList(java.lang.Long,int,int,org.apache.catalina.servlet4preview.http.HttpServletRequest,javax.servlet.http.HttpServletResponse)
2017-06-16 21:53:34.091  INFO 6283 --- [main] s.w.s.m.m.a.RequestMappingHandlerMapping : Mapped "{[/rank/addExecuteQuestionCount]}" onto public boolean com.computer.boot.controller.UtilController.addExecuteQuestionCount(java.lang.Long,int,org.apache.catalina.servlet4preview.http.HttpServletRequest,javax.servlet.http.HttpServletResponse)
2017-06-16 21:53:34.094  INFO 6283 --- [main] s.w.s.m.m.a.RequestMappingHandlerMapping : Mapped "{[/error]}" onto public org.springframework.http.ResponseEntity<java.util.Map<java.lang.String, java.lang.Object>> org.springframework.boot.autoconfigure.web.BasicErrorController.error(javax.servlet.http.HttpServletRequest)
2017-06-16 21:53:34.094  INFO 6283 --- [main] s.w.s.m.m.a.RequestMappingHandlerMapping : Mapped "{[/error],produces=[text/html]}" onto public org.springframework.web.servlet.ModelAndView org.springframework.boot.autoconfigure.web.BasicErrorController.errorHtml(javax.servlet.http.HttpServletRequest,javax.servlet.http.HttpServletResponse)
2017-06-16 21:53:34.121  INFO 6283 --- [main] o.s.w.s.handler.SimpleUrlHandlerMapping  : Mapped URL path [/webjars/**] onto handler of type [class org.springframework.web.servlet.resource.ResourceHttpRequestHandler]
2017-06-16 21:53:34.122  INFO 6283 --- [main] o.s.w.s.handler.SimpleUrlHandlerMapping  : Mapped URL path [/**] onto handler of type [class org.springframework.web.servlet.resource.ResourceHttpRequestHandler]
2017-06-16 21:53:34.138  INFO 6283 --- [main] .m.m.a.ExceptionHandlerExceptionResolver : Detected @ExceptionHandler methods in controllerExceptionReaper
2017-06-16 21:53:34.154  INFO 6283 --- [main] o.s.w.s.handler.SimpleUrlHandlerMapping  : Mapped URL path [/**/favicon.ico] onto handler of type [class org.springframework.web.servlet.resource.ResourceHttpRequestHandler]
2017-06-16 21:53:34.382  INFO 6283 --- [main] o.s.j.e.a.AnnotationMBeanExporter        : Registering beans for JMX exposure on startup
2017-06-16 21:53:34.453  INFO 6283 --- [main] s.b.c.e.t.TomcatEmbeddedServletContainer : Tomcat started on port(s): 9090 (http)
2017-06-16 21:53:34.457  INFO 6283 --- [main] com.computer.boot.Application            : Started Application in 3.714 seconds (JVM running for 4.596)
2017-06-16 21:53:34.457  INFO 6283 --- [main] com.computer.boot.Application            : ============= SpringBoot Start Success =============
2017-06-16 21:53:54.374  INFO 6283 --- [http-nio-0.0.0.0-9090-exec-1] o.a.c.c.C.[Tomcat].[localhost].[/]       : Initializing Spring FrameworkServlet 'dispatcherServlet'
2017-06-16 21:53:54.375  INFO 6283 --- [http-nio-0.0.0.0-9090-exec-1] o.s.web.servlet.DispatcherServlet        : FrameworkServlet 'dispatcherServlet': initialization started
2017-06-16 21:53:54.403  INFO 6283 --- [http-nio-0.0.0.0-9090-exec-1] o.s.web.servlet.DispatcherServlet        : FrameworkServlet 'dispatcherServlet': initialization completed in 28 ms
